2025-02-27 22:07:25.400 - INFO  [           main] o.s.b.StartupInfoLogger        : Starting HotSearchApplication using Java 17.0.7 on DESKTOP-QTK8M3N with PID 14952 (C:\Users\17186\Desktop\hotSearch\target\classes started by 17186 in C:\Users\17186\Desktop\hotSearch)
2025-02-27 22:07:25.406 - INFO  [           main] o.s.b.SpringApplication        : No active profile set, falling back to 1 default profile: "default"
2025-02-27 22:07:26.282 - INFO  [           main] o.s.b.w.e.t.TomcatWebServer    : Tomcat initialized with port(s): 8089 (http)
2025-02-27 22:07:26.283 - INFO  [           main] o.a.j.l.DirectJDKLog           : An older version [1.2.37] of the Apache Tomcat Native library is installed, while Tomcat recommends a minimum version of [1.2.38]
2025-02-27 22:07:26.285 - INFO  [           main] o.a.j.l.DirectJDKLog           : Loaded Apache Tomcat Native library [1.2.37] using APR version [1.7.4].
2025-02-27 22:07:26.285 - INFO  [           main] o.a.j.l.DirectJDKLog           : APR capabilities: IPv6 [true], sendfile [true], accept filters [false], random [true], UDS [true].
2025-02-27 22:07:26.286 - INFO  [           main] o.a.j.l.DirectJDKLog           : APR/OpenSSL configuration: useAprConnector [false], useOpenSSL [true]
2025-02-27 22:07:26.288 - INFO  [           main] o.a.j.l.DirectJDKLog           : OpenSSL successfully initialized [OpenSSL 1.1.1u  30 May 2023]
2025-02-27 22:07:26.295 - INFO  [           main] o.a.j.l.DirectJDKLog           : Initializing ProtocolHandler ["http-nio-8089"]
2025-02-27 22:07:26.296 - INFO  [           main] o.a.j.l.DirectJDKLog           : Starting service [Tomcat]
2025-02-27 22:07:26.296 - INFO  [           main] o.a.j.l.DirectJDKLog           : Starting Servlet engine: [Apache Tomcat/9.0.83]
2025-02-27 22:07:26.390 - INFO  [           main] o.a.j.l.DirectJDKLog           : Initializing Spring embedded WebApplicationContext
2025-02-27 22:07:26.390 - INFO  [           main] letWebServerApplicationContext : Root WebApplicationContext: initialization completed in 957 ms
2025-02-27 22:07:26.735 - WARN  [           main] c.b.m.c.m.TableInfoHelper      : Can not find table primary key in Class: "com.itchen.domain.vo.HotSearchVo".
2025-02-27 22:07:26.735 - WARN  [           main] c.b.m.c.i.DefaultSqlInjector   : class com.itchen.domain.vo.HotSearchVo ,Not found @TableId annotation, Cannot use Mybatis-Plus 'xxById' Method.
2025-02-27 22:07:27.308 - INFO  [           main] o.a.j.l.DirectJDKLog           : Starting ProtocolHandler ["http-nio-8089"]
2025-02-27 22:07:27.329 - INFO  [           main] o.s.b.w.e.t.TomcatWebServer    : Tomcat started on port(s): 8089 (http) with context path ''
2025-02-27 22:07:27.339 - INFO  [           main] o.s.b.StartupInfoLogger        : Started HotSearchApplication in 2.212 seconds (JVM running for 3.106)
2025-02-27 22:07:27.342 - INFO  [           main] c.i.c.DocumentationConfig      : ----------------------------------------------------------
	应用程序“hotSearch”正在运行中......
	接口文档访问 URL:
	本地: 		http://localhost:8089/doc.html
	外部: 	http://192.168.31.230:8089/doc.html
	配置文件: 	[]
----------------------------------------------------------
2025-02-27 22:07:30.821 - INFO  [nio-8089-exec-1] o.a.j.l.DirectJDKLog           : Initializing Spring DispatcherServlet 'dispatcherServlet'
2025-02-27 22:07:30.821 - INFO  [nio-8089-exec-1] o.s.w.s.FrameworkServlet       : Initializing Servlet 'dispatcherServlet'
2025-02-27 22:07:30.821 - INFO  [nio-8089-exec-1] o.s.w.s.FrameworkServlet       : Completed initialization in 0 ms
2025-02-27 22:07:30.848 - INFO  [nio-8089-exec-1] c.i.c.hotSearchController      : 获取热搜数据,本次获取平台为:douyin
2025-02-27 22:07:30.940 - INFO  [nio-8089-exec-1] c.z.h.HikariDataSource         : HikariPool-1 - Starting...
2025-02-27 22:07:31.918 - INFO  [nio-8089-exec-1] c.z.h.HikariDataSource         : HikariPool-1 - Start completed.
2025-02-27 22:07:43.344 - INFO  [nio-8089-exec-1] c.i.s.i.hotSearchServiceImpl   : 获取热搜数据成功,response:{"active_time":"2025-02-27 22:06:47","extra":{"logid":"202502272207433B6D696A67D6821AC160","now":1740665263280},"status_code":0,"word_list":[{"word":"EDG击败T1晋级胜决","hot_value":12213705,"label":0},{"word":"雷军称今年研发预算达300亿","hot_value":11783085,"label":1},{"word":"那些你不知道的北京地儿","hot_value":11496111,"label":0},{"word":"bangbangbang闯入美食圈了","hot_value":11379109,"label":3},{"word":"醋门永存","hot_value":10680081,"label":3},{"word":"米兰时装周这把是熟人局","hot_value":10530203,"label":8},{"word":"青春是无法回放的电影","hot_value":9369072,"label":0},{"word":"哪吒2票房已超140亿","hot_value":9257508,"label":0},{"word":"小米双Ultra发布会","hot_value":9224555,"label":3},{"word":"国防部正告台当局：早晚收了你们","hot_value":9222516,"label":0},{"word":"学会与孤独和解","hot_value":9214166,"label":0},{"word":"淡彩穿搭让人眼前一亮又一亮","hot_value":9198041,"label":8},{"word":"人生没有白走的路","hot_value":9120446,"label":0},{"word":"编造重庆最牛拆迁户网民被查处","hot_value":9117485,"label":16},{"word":"桑延温以凡追妻变追夫","hot_value":9024859,"label":5},{"word":"知情人回应：赵露思没有解约","hot_value":8662440,"label":0},{"word":"戚薇网购方便面忘记切号","hot_value":8619671,"label":0},{"word":"湖人未来补强思路浮出水面","hot_value":8506313,"label":3},{"word":"演员请就位3推迟上线","hot_value":8449181,"label":3},{"word":"校园版李羲承进行曲","hot_value":8419119,"label":9},{"word":"全抖音的学霸为高考100天加油","hot_value":8185898,"label":8},{"word":"警方回应中传学生拍戏失联","hot_value":7803412,"label":1},{"word":"小米15 Ultra价格6499元起","hot_value":7780979,"label":1},{"word":"雷军的伯乐是谁","hot_value":7772808,"label":0},{"word":"王心凌画质到底有多高清","hot_value":7756792,"label":3},{"word":"当秀场穿搭照进现实","hot_value":7732582,"label":0},{"word":"广东人永远不知道穿什么","hot_value":7730959,"label":0},{"word":"恋爱宝典之馕言文版","hot_value":7724549,"label":3},{"word":"与诡异的蝙蝠寄生虫零距离接触","hot_value":7722483,"label":3},{"word":"祝你永远Hakuna Matata","hot_value":7711358,"label":9},{"word":"加拿大华人打卡王祖贤艾灸馆","hot_value":7706672,"label":0},{"word":"Bass舞蹈逐渐离谱","hot_value":7704535,"label":9},{"word":"感谢你曾经来过满满回忆杀","hot_value":7698736,"label":9},{"word":"黄明昊lightdreamer慢摇舞","hot_value":7688176,"label":9},{"word":"当年轻人来到“就业餐厅”门前","hot_value":7684255,"label":3},{"word":"温以凡约桑延一起吃饭","hot_value":7678608,"label":3},{"word":"低配版雄鹰一样的女人","hot_value":7677401,"label":9},{"word":"来一次野炊开启春日美味盛宴","hot_value":7669833,"label":0},{"word":"沉浸式第一视角化妆","hot_value":7666124,"label":0},{"word":"好想出去散散心","hot_value":7660590,"label":9},{"word":"我老爸得了MVP是什么梗","hot_value":7659021,"label":9},{"word":"奚梦瑶重返T台走秀","hot_value":7654585,"label":0},{"word":"迪丽热巴双丸子头造型","hot_value":7647807,"label":3},{"word":"机器人：就说快不快吧","hot_value":7645256,"label":0},{"word":"春天的第一场钓鱼","hot_value":7644713,"label":3},{"word":"萌娃铁血丹心二重唱","hot_value":7642243,"label":0},{"word":"辣椒炒辣椒更适合江西宝宝","hot_value":7640094,"label":0},{"word":"于潼版我们的爱又杀回来了","hot_value":7638443,"label":9},{"word":"狗子洗着洗着就睡着了","hot_value":7635300,"label":3},{"word":"爱你雨中撑伞氛围","hot_value":7629465,"label":5}]}
2025-02-27 22:08:07.135 - INFO  [ionShutdownHook] c.z.h.HikariDataSource         : HikariPool-1 - Shutdown initiated...
